TN:
SF:src/ERC4626i.sol
FN:116,ERC4626i.addRewardsToken
FNDA:0,ERC4626i.addRewardsToken
DA:117,0
DA:117,0
BRDA:117,0,0,-
BRDA:117,0,1,-
DA:117,0
DA:118,0
DA:118,0
DA:119,0
DA:119,0
FN:123,ERC4626i.setFrontendFee
FNDA:0,ERC4626i.setFrontendFee
DA:124,0
DA:124,0
DA:124,0
BRDA:124,1,0,-
BRDA:124,1,1,-
DA:124,0
DA:125,0
DA:125,0
FN:129,ERC4626i.claimFees
FNDA:0,ERC4626i.claimFees
DA:130,0
DA:130,0
DA:131,0
DA:131,0
DA:131,0
DA:131,0
DA:132,0
DA:132,0
DA:133,0
DA:133,0
DA:134,0
DA:134,0
DA:135,0
DA:135,0
FN:142,ERC4626i.pullReward
FNDA:0,ERC4626i.pullReward
DA:143,0
DA:143,0
BRDA:143,2,0,-
BRDA:143,2,1,-
DA:144,0
DA:144,0
BRDA:144,3,0,-
BRDA:144,3,1,-
DA:144,0
DA:146,0
DA:146,0
FN:153,ERC4626i.pushReward
FNDA:0,ERC4626i.pushReward
DA:154,0
DA:154,0
BRDA:154,4,0,-
BRDA:154,4,1,-
DA:155,0
DA:155,0
DA:157,0
DA:157,0
FN:166,ERC4626i.extendRewardsInterval
FNDA:0,ERC4626i.extendRewardsInterval
DA:167,0
DA:167,0
DA:168,0
DA:168,0
BRDA:168,5,0,-
BRDA:168,5,1,-
DA:168,0
DA:169,0
DA:169,0
BRDA:169,6,0,-
BRDA:169,6,1,-
DA:169,0
DA:170,0
DA:170,0
DA:173,0
DA:173,0
DA:173,0
DA:174,0
DA:174,0
DA:174,0
DA:177,0
DA:177,0
DA:178,0
DA:178,0
DA:181,0
DA:181,0
DA:181,0
DA:181,0
DA:182,0
DA:182,0
DA:182,0
DA:183,0
DA:183,0
DA:183,0
DA:185,0
DA:185,0
BRDA:185,7,0,-
BRDA:185,7,1,-
DA:185,0
DA:187,0
DA:187,0
DA:188,0
DA:188,0
DA:189,0
DA:189,0
DA:191,0
DA:191,0
DA:193,0
DA:193,0
FN:201,ERC4626i.setRewardsInterval
FNDA:0,ERC4626i.setRewardsInterval
DA:202,0
DA:202,0
BRDA:202,8,0,-
BRDA:202,8,1,-
DA:202,0
DA:204,0
DA:204,0
DA:205,0
DA:205,0
DA:208,0
DA:208,0
DA:208,0
DA:208,0
DA:208,0
DA:208,0
BRDA:208,9,0,-
BRDA:208,9,1,-
DA:208,0
DA:211,0
DA:211,0
DA:214,0
DA:214,0
DA:214,0
DA:215,0
DA:215,0
DA:215,0
DA:218,0
DA:218,0
DA:219,0
DA:219,0
DA:222,0
DA:222,0
DA:222,0
DA:222,0
DA:223,0
DA:223,0
DA:223,0
DA:225,0
DA:225,0
DA:226,0
DA:226,0
DA:227,0
DA:227,0
DA:233,0
DA:233,0
DA:235,0
DA:235,0
DA:237,0
DA:237,0
FN:241,ERC4626i._calculateRewardsPerToken
FNDA:0,ERC4626i._calculateRewardsPerToken
DA:249,0
DA:249,0
DA:249,0
DA:250,0
DA:250,0
DA:253,0
DA:253,0
BRDA:253,10,0,-
BRDA:253,10,1,-
DA:253,0
DA:256,0
DA:256,0
DA:256,0
DA:257,0
DA:257,0
DA:257,0
DA:260,0
DA:260,0
BRDA:260,11,0,-
BRDA:260,11,1,-
DA:260,0
DA:261,0
DA:261,0
DA:264,0
DA:264,0
BRDA:264,12,0,-
BRDA:264,12,1,-
DA:264,0
DA:267,0
DA:267,0
DA:269,0
DA:269,0
FN:273,ERC4626i._calculateUserRewards
FNDA:0,ERC4626i._calculateUserRewards
DA:274,0
DA:274,0
DA:274,0
DA:274,0
FN:279,ERC4626i._updateRewardsPerToken
FNDA:0,ERC4626i._updateRewardsPerToken
DA:280,0
DA:280,0
DA:281,0
DA:281,0
DA:282,0
DA:282,0
DA:282,0
DA:285,0
DA:285,0
BRDA:285,13,0,-
BRDA:285,13,1,-
DA:285,0
DA:287,0
DA:287,0
DA:288,0
DA:288,0
DA:290,0
DA:290,0
FN:293,ERC4626i._updateUserRewards
FNDA:0,ERC4626i._updateUserRewards
DA:294,0
DA:294,0
DA:294,0
DA:294,0
DA:295,0
DA:295,0
DA:296,0
DA:296,0
FN:301,ERC4626i._updateUserRewards
FNDA:0,ERC4626i._updateUserRewards
DA:302,0
DA:302,0
DA:302,0
DA:303,0
DA:303,0
DA:306,0
DA:306,0
BRDA:306,14,0,-
BRDA:306,14,1,-
DA:306,0
DA:309,0
DA:309,0
DA:310,0
DA:310,0
DA:312,0
DA:312,0
DA:313,0
DA:313,0
DA:315,0
DA:315,0
FN:319,ERC4626i._mint
FNDA:0,ERC4626i._mint
DA:320,0
DA:320,0
DA:321,0
DA:321,0
FN:325,ERC4626i._burn
FNDA:0,ERC4626i._burn
DA:326,0
DA:326,0
DA:327,0
DA:327,0
FN:331,ERC4626i._claim
FNDA:0,ERC4626i._claim
DA:332,0
DA:332,0
DA:333,0
DA:333,0
DA:334,0
DA:334,0
DA:335,0
DA:335,0
FN:339,ERC4626i.transfer
FNDA:0,ERC4626i.transfer
DA:340,0
DA:340,0
DA:341,0
DA:341,0
DA:342,0
DA:342,0
DA:342,0
FN:346,ERC4626i.transferFrom
FNDA:0,ERC4626i.transferFrom
DA:347,0
DA:347,0
DA:348,0
DA:348,0
DA:349,0
DA:349,0
DA:349,0
FN:353,ERC4626i.claim
FNDA:0,ERC4626i.claim
DA:354,0
DA:354,0
DA:354,0
DA:354,0
DA:355,0
DA:355,0
DA:356,0
DA:356,0
FN:361,ERC4626i.currentRewardsPerToken
FNDA:0,ERC4626i.currentRewardsPerToken
DA:362,0
DA:362,0
FN:367,ERC4626i.currentUserRewards
FNDA:0,ERC4626i.currentUserRewards
DA:368,0
DA:368,0
DA:369,0
DA:369,0
DA:369,0
DA:370,0
DA:370,0
DA:370,0
DA:370,0
FN:373,ERC4626i.previewRateAfterDeposit
FNDA:0,ERC4626i.previewRateAfterDeposit
DA:374,0
DA:374,0
DA:375,0
DA:375,0
DA:375,0
DA:381,0
DA:381,0
DA:381,0
DA:381,0
DA:381,0
FN:389,ERC4626i.asset
FNDA:0,ERC4626i.asset
DA:390,0
DA:390,0
DA:390,0
FN:394,ERC4626i.totalAssets
FNDA:0,ERC4626i.totalAssets
DA:395,0
DA:395,0
DA:395,0
FN:399,ERC4626i.deposit
FNDA:502,ERC4626i.deposit
DA:400,502
DA:400,502
DA:402,502
DA:402,502
DA:403,0
DA:403,0
DA:405,0
DA:405,0
FN:409,ERC4626i.mint
FNDA:0,ERC4626i.mint
DA:410,0
DA:410,0
DA:412,0
DA:412,0
DA:413,0
DA:413,0
DA:415,0
DA:415,0
FN:419,ERC4626i.withdraw
FNDA:0,ERC4626i.withdraw
DA:420,0
DA:420,0
DA:422,0
DA:422,0
DA:423,0
DA:423,0
DA:425,0
DA:425,0
FN:429,ERC4626i.redeem
FNDA:0,ERC4626i.redeem
DA:430,0
DA:430,0
DA:432,0
DA:432,0
DA:433,0
DA:433,0
DA:435,0
DA:435,0
FN:439,ERC4626i.convertToShares
FNDA:0,ERC4626i.convertToShares
DA:440,0
DA:440,0
FN:444,ERC4626i.convertToAssets
FNDA:0,ERC4626i.convertToAssets
DA:445,0
DA:445,0
FN:449,ERC4626i.maxDeposit
FNDA:0,ERC4626i.maxDeposit
DA:450,0
DA:450,0
FN:454,ERC4626i.previewDeposit
FNDA:0,ERC4626i.previewDeposit
DA:455,0
DA:455,0
FN:459,ERC4626i.maxMint
FNDA:0,ERC4626i.maxMint
DA:460,0
DA:460,0
FN:464,ERC4626i.previewMint
FNDA:0,ERC4626i.previewMint
DA:465,0
DA:465,0
FN:469,ERC4626i.maxWithdraw
FNDA:0,ERC4626i.maxWithdraw
DA:470,0
DA:470,0
FN:474,ERC4626i.previewWithdraw
FNDA:0,ERC4626i.previewWithdraw
DA:475,0
DA:475,0
FN:479,ERC4626i.maxRedeem
FNDA:0,ERC4626i.maxRedeem
DA:480,0
DA:480,0
FN:484,ERC4626i.previewRedeem
FNDA:0,ERC4626i.previewRedeem
DA:485,0
DA:485,0
FNF:37
FNH:1
LF:132
LH:2
BRF:30
BRH:0
end_of_record
TN:
SF:src/ERC4626iFactory.sol
FN:65,ERC4626iFactory.updateProtocolFee
FNDA:0,ERC4626iFactory.updateProtocolFee
DA:66,0
DA:66,0
BRDA:66,0,0,-
BRDA:66,0,1,-
DA:66,0
DA:67,0
DA:67,0
DA:68,0
DA:68,0
FN:72,ERC4626iFactory.updateMinimumReferralFee
FNDA:0,ERC4626iFactory.updateMinimumReferralFee
DA:73,0
DA:73,0
BRDA:73,1,0,-
BRDA:73,1,1,-
DA:73,0
DA:74,0
DA:74,0
DA:75,0
DA:75,0
FN:83,ERC4626iFactory.createIncentivizedVault
FNDA:19,ERC4626iFactory.createIncentivizedVault
DA:84,19
DA:84,19
DA:86,19
DA:86,19
DA:87,19
DA:87,19
DA:89,19
DA:89,19
FN:93,ERC4626iFactory.getNextSymbol
FNDA:19,ERC4626iFactory.getNextSymbol
DA:94,19
DA:94,19
DA:94,19
FNF:4
FNH:2
LF:11
LH:5
BRF:4
BRH:0
end_of_record
TN:
SF:src/Points.sol
FN:61,Points.addAllowedVault
FNDA:16,Points.addAllowedVault
DA:62,16
DA:62,16
DA:63,16
DA:63,16
DA:64,16
DA:64,16
FN:68,Points.addAllowedIP
FNDA:2356,Points.addAllowedIP
DA:69,2356
DA:69,2356
FN:73,Points.removeAllowedIP
FNDA:260,Points.removeAllowedIP
DA:74,260
DA:74,260
FN:106,Points.award
FNDA:1,Points.award
DA:107,1
DA:107,1
FN:113,Points.award
FNDA:2375,Points.award
DA:114,2375
DA:114,2375
FNF:5
FNH:5
LF:7
LH:7
BRF:0
BRH:0
end_of_record
TN:
SF:src/PointsFactory.sol
FN:21,PointsFactory.createPointsProgram
FNDA:1593,PointsFactory.createPointsProgram
DA:31,1593
DA:31,1593
DA:32,1593
DA:32,1593
DA:34,1593
DA:34,1593
FNF:1
FNH:1
LF:3
LH:3
BRF:0
BRH:0
end_of_record
TN:
SF:src/RecipeOrderbook.sol
FN:241,RecipeOrderbook.getTokenAmountsOfferedForIPOrder
FNDA:3344,RecipeOrderbook.getTokenAmountsOfferedForIPOrder
DA:242,3344
DA:242,3344
FN:245,RecipeOrderbook.getTokenToFrontendFeeAmountForIPOrder
FNDA:3344,RecipeOrderbook.getTokenToFrontendFeeAmountForIPOrder
DA:246,3344
DA:246,3344
FN:250,RecipeOrderbook.getLockedRewardParams
FNDA:23,RecipeOrderbook.getLockedRewardParams
DA:251,23
DA:251,23
DA:252,23
DA:252,23
FN:263,RecipeOrderbook.createMarket
FNDA:4979,RecipeOrderbook.createMarket
DA:274,4979
DA:274,4979
BRDA:274,0,0,258
BRDA:274,0,1,4721
DA:275,258
DA:275,258
DA:276,4721
DA:276,4721
BRDA:276,1,0,4464
BRDA:276,1,1,257
DA:278,257
DA:278,257
DA:281,4464
DA:281,4464
DA:283,4464
DA:283,4464
DA:284,4464
DA:284,4464
FN:297,RecipeOrderbook.createLPOrder
FNDA:27,RecipeOrderbook.createLPOrder
DA:309,27
DA:309,27
BRDA:309,2,0,26
BRDA:309,2,1,1
DA:310,1
DA:310,1
DA:313,26
DA:313,26
DA:313,26
DA:313,26
BRDA:313,3,0,25
BRDA:313,3,1,1
DA:314,1
DA:314,1
DA:317,25
DA:317,25
BRDA:317,4,0,24
BRDA:317,4,1,1
DA:318,1
DA:318,1
DA:321,24
DA:321,24
BRDA:321,5,0,23
BRDA:321,5,1,1
DA:322,1
DA:322,1
DA:326,23
DA:326,23
DA:326,23
DA:326,23
DA:326,7
DA:326,7
BRDA:326,6,0,7
BRDA:326,6,1,-
DA:327,1
DA:327,1
DA:331,22
DA:331,22
DA:334,22
DA:334,22
DA:334,22
DA:335,22
DA:335,22
DA:336,22
DA:336,22
FN:347,RecipeOrderbook.createIPOrder
FNDA:4437,RecipeOrderbook.createIPOrder
DA:358,4437
DA:358,4437
BRDA:358,7,0,4177
BRDA:358,7,1,260
DA:359,260
DA:359,260
DA:362,4177
DA:362,4177
DA:362,4177
DA:362,4177
BRDA:362,8,0,3918
BRDA:362,8,1,259
DA:363,259
DA:363,259
DA:366,3918
DA:366,3918
BRDA:366,9,0,3659
BRDA:366,9,1,259
DA:367,259
DA:367,259
DA:370,3659
DA:370,3659
BRDA:370,10,0,3399
BRDA:370,10,1,260
DA:371,260
DA:371,260
DA:375,3399
DA:375,3399
DA:376,3399
DA:376,3399
DA:377,3399
DA:377,3399
DA:378,3399
DA:378,3399
DA:379,3399
DA:379,3399
DA:380,3399
DA:380,3399
DA:381,3399
DA:381,3399
DA:384,3399
DA:384,3399
DA:384,8313
DA:384,8313
DA:385,5173
DA:385,5173
DA:386,5173
DA:386,5173
DA:386,5173
DA:387,5173
DA:387,5173
DA:387,5173
DA:388,5173
DA:388,5173
DA:388,5173
DA:388,5173
DA:390,5173
DA:390,5173
DA:392,5173
DA:392,5173
DA:394,5173
DA:394,5173
DA:396,5173
DA:396,5173
BRDA:396,11,0,5173
BRDA:396,11,1,-
DA:398,3603
DA:398,3603
DA:400,3603
DA:400,3603
BRDA:400,12,0,3344
BRDA:400,12,1,259
DA:400,259
DA:401,3344
DA:401,3344
DA:405,3140
DA:405,3140
DA:407,3140
DA:407,3140
FN:416,RecipeOrderbook.accountFee
FNDA:5998,RecipeOrderbook.accountFee
DA:418,5998
DA:418,5998
BRDA:418,13,0,5998
BRDA:418,13,1,-
DA:420,1852
DA:420,1852
DA:422,4146
DA:422,4146
FN:428,RecipeOrderbook.claimFees
FNDA:2,RecipeOrderbook.claimFees
DA:429,2
DA:429,2
DA:430,2
DA:430,2
DA:431,2
DA:431,2
DA:432,2
DA:432,2
FN:441,RecipeOrderbook.fillIPOrder
FNDA:1839,RecipeOrderbook.fillIPOrder
DA:443,1839
DA:443,1839
DA:444,1839
DA:444,1839
DA:447,1839
DA:447,1839
DA:447,1839
DA:447,1839
BRDA:447,14,0,1579
BRDA:447,14,1,260
DA:448,260
DA:448,260
DA:451,1579
DA:451,1579
DA:451,1579
DA:451,260
BRDA:451,15,0,1319
BRDA:451,15,1,260
DA:452,260
DA:452,260
DA:454,1319
DA:454,1319
BRDA:454,16,0,1319
BRDA:454,16,1,-
DA:455,0
DA:455,0
DA:459,1319
DA:459,1319
DA:459,1319
DA:459,1319
DA:459,267
DA:459,267
BRDA:459,17,0,267
BRDA:459,17,1,-
DA:460,260
DA:460,260
DA:463,1059
DA:463,1059
BRDA:463,18,0,799
BRDA:463,18,1,260
DA:464,260
DA:464,260
DA:468,799
DA:468,799
DA:471,799
DA:471,799
DA:471,799
DA:473,799
DA:473,799
DA:473,799
DA:474,799
DA:474,799
DA:475,799
DA:475,799
DA:477,799
DA:477,799
DA:477,799
DA:477,788
BRDA:477,19,0,15
BRDA:477,19,1,15
DA:478,15
DA:478,15
DA:479,15
DA:479,15
DA:480,15
DA:480,15
DA:481,15
DA:481,15
DA:481,30
DA:481,30
DA:482,15
DA:482,15
DA:483,15
DA:483,15
DA:483,15
DA:484,15
DA:484,15
DA:484,15
DA:485,15
DA:485,15
DA:486,15
DA:486,15
DA:486,15
DA:487,15
DA:487,15
DA:489,15
DA:489,15
DA:490,15
DA:490,15
DA:493,784
DA:493,784
DA:493,1568
DA:493,1568
DA:494,784
DA:494,784
DA:495,784
DA:495,784
DA:495,784
DA:497,784
DA:497,784
DA:497,784
DA:498,784
DA:498,784
DA:498,784
DA:500,784
DA:500,784
BRDA:500,20,0,784
BRDA:500,20,1,-
DA:501,261
DA:501,261
DA:503,523
DA:503,523
DA:506,261
DA:506,261
DA:511,15
DA:511,15
DA:511,0
BRDA:511,21,0,792
BRDA:511,21,1,7
DA:512,792
DA:512,792
DA:515,7
DA:515,7
DA:519,792
DA:519,792
DA:521,799
DA:521,799
FN:525,RecipeOrderbook.fillLPOrder
FNDA:16,RecipeOrderbook.fillLPOrder
DA:526,16
DA:526,16
DA:526,16
DA:526,16
BRDA:526,22,0,15
BRDA:526,22,1,1
DA:526,1
DA:528,15
DA:528,15
DA:528,15
DA:531,15
DA:531,15
DA:532,15
DA:532,15
BRDA:532,23,0,-
BRDA:532,23,1,1
DA:533,1
DA:533,1
BRDA:533,24,0,-
BRDA:533,24,1,1
DA:533,1
DA:534,0
DA:534,0
DA:538,14
DA:538,14
BRDA:538,25,0,13
BRDA:538,25,1,1
DA:539,1
DA:539,1
DA:543,13
DA:543,13
DA:546,13
DA:546,13
DA:546,13
DA:549,13
DA:549,13
DA:552,13
DA:552,13
DA:552,13
DA:553,13
DA:553,13
DA:553,13
DA:554,13
DA:554,13
DA:555,13
DA:555,13
DA:557,13
DA:557,13
BRDA:557,26,0,8
BRDA:557,26,1,-
DA:559,8
DA:559,8
DA:560,8
DA:560,8
DA:561,8
DA:561,8
DA:562,8
DA:562,8
DA:564,8
DA:564,8
DA:564,16
DA:564,16
DA:566,8
DA:566,8
DA:568,8
DA:568,8
DA:568,8
DA:569,8
DA:569,8
DA:569,8
DA:572,8
DA:572,8
DA:573,8
DA:573,8
DA:576,8
DA:576,8
BRDA:576,27,0,8
BRDA:576,27,1,-
DA:578,4
DA:578,4
DA:582,8
DA:582,8
DA:585,5
DA:585,5
DA:585,10
DA:585,10
DA:587,5
DA:587,5
DA:587,5
DA:589,5
DA:589,5
DA:589,5
DA:590,5
DA:590,5
DA:590,5
DA:593,5
DA:593,5
DA:594,5
DA:594,5
DA:597,5
DA:597,5
BRDA:597,28,0,5
BRDA:597,28,1,-
DA:599,2
DA:599,2
DA:602,3
DA:602,3
DA:604,3
DA:604,3
DA:610,13
DA:610,13
DA:610,13
BRDA:610,29,0,7
BRDA:610,29,1,6
DA:612,7
DA:612,7
DA:615,6
DA:615,6
DA:619,7
DA:619,7
DA:621,13
DA:621,13
FN:625,RecipeOrderbook.cancelLPOrder
FNDA:5,RecipeOrderbook.cancelLPOrder
DA:626,5
DA:626,5
BRDA:626,30,0,4
BRDA:626,30,1,1
DA:626,1
DA:629,4
DA:629,4
DA:629,4
DA:629,4
BRDA:629,31,0,3
BRDA:629,31,1,1
DA:629,1
DA:630,3
DA:630,3
DA:630,3
DA:631,3
DA:631,3
BRDA:631,32,0,2
BRDA:631,32,1,1
DA:631,1
DA:634,2
DA:634,2
DA:636,2
DA:636,2
FN:640,RecipeOrderbook.cancelIPOrder
FNDA:781,RecipeOrderbook.cancelIPOrder
DA:641,781
DA:641,781
DA:642,781
DA:642,781
BRDA:642,33,0,521
BRDA:642,33,1,260
DA:642,260
DA:645,521
DA:645,521
DA:645,521
DA:645,521
BRDA:645,34,0,262
BRDA:645,34,1,259
DA:645,259
DA:646,262
DA:646,262
BRDA:646,35,0,261
BRDA:646,35,1,1
DA:646,1
DA:648,261
DA:648,261
DA:648,261
DA:651,261
DA:651,261
DA:651,522
DA:651,522
DA:652,261
DA:652,261
DA:653,261
DA:653,261
BRDA:653,36,0,261
BRDA:653,36,1,-
DA:655,260
DA:655,260
DA:655,260
DA:657,260
DA:657,260
DA:657,260
DA:658,260
DA:658,260
DA:661,261
DA:661,261
DA:662,261
DA:662,261
DA:663,261
DA:663,261
DA:667,261
DA:667,261
DA:669,261
DA:669,261
FN:673,RecipeOrderbook.forfeit
FNDA:3,RecipeOrderbook.forfeit
DA:674,3
DA:674,3
DA:674,3
BRDA:674,37,0,3
BRDA:674,37,1,-
DA:675,1
DA:675,1
DA:677,2
DA:677,2
DA:680,2
DA:680,2
DA:681,2
DA:681,2
DA:681,4
DA:681,4
DA:682,2
DA:682,2
BRDA:682,38,0,2
BRDA:682,38,1,-
DA:683,1
DA:683,1
DA:684,1
DA:684,1
DA:687,2
DA:687,2
DA:688,2
DA:688,2
DA:692,2
DA:692,2
FN:697,RecipeOrderbook.claim
FNDA:4,RecipeOrderbook.claim
DA:698,4
DA:698,4
DA:698,4
BRDA:698,39,0,4
BRDA:698,39,1,-
DA:699,1
DA:699,1
DA:701,3
DA:701,3
DA:701,3
BRDA:701,40,0,3
BRDA:701,40,1,-
DA:702,1
DA:702,1
DA:704,2
DA:704,2
DA:705,2
DA:705,2
DA:705,4
DA:705,4
DA:706,2
DA:706,2
DA:707,2
DA:707,2
BRDA:707,41,0,2
BRDA:707,41,1,-
DA:708,1
DA:708,1
DA:710,1
DA:710,1
DA:714,1
DA:714,1
DA:715,1
DA:715,1
DA:719,2
DA:719,2
FN:723,RecipeOrderbook.setProtocolFeeClaimant
FNDA:260,RecipeOrderbook.setProtocolFeeClaimant
DA:724,260
DA:724,260
FN:729,RecipeOrderbook.setProtocolFee
FNDA:260,RecipeOrderbook.setProtocolFee
DA:730,260
DA:730,260
FN:734,RecipeOrderbook.setMinimumFrontendFee
FNDA:260,RecipeOrderbook.setMinimumFrontendFee
DA:735,260
DA:735,260
FN:739,RecipeOrderbook.getOrderHash
FNDA:59,RecipeOrderbook.getOrderHash
DA:740,59
DA:740,59
DA:740,59
FNF:18
FNH:18
LF:199
LH:197
BRF:84
BRH:67
end_of_record
TN:
SF:src/VaultOrderbook.sol
FN:103,VaultOrderbook.createLPOrder
FNDA:11,VaultOrderbook.createLPOrder
DA:115,11
DA:115,11
DA:115,11
DA:115,11
BRDA:115,0,0,10
BRDA:115,0,1,1
DA:116,1
DA:116,1
DA:119,10
DA:119,10
BRDA:119,1,0,9
BRDA:119,1,1,1
DA:120,1
DA:120,1
DA:123,9
DA:123,9
BRDA:123,2,0,8
BRDA:123,2,1,1
DA:124,1
DA:124,1
DA:128,8
DA:128,8
DA:128,8
DA:128,8
DA:128,2
DA:128,2
DA:128,2
BRDA:128,3,0,2
BRDA:128,3,1,-
DA:129,1
DA:129,1
DA:132,7
DA:132,7
DA:132,12
DA:132,12
DA:134,7
DA:134,7
DA:134,7
DA:134,0
DA:134,6
DA:134,6
BRDA:134,4,0,6
BRDA:134,4,1,-
DA:135,1
DA:135,1
DA:136,6
DA:136,6
DA:136,6
DA:136,0
DA:136,1
DA:136,1
BRDA:136,5,0,1
BRDA:136,5,1,-
DA:137,1
DA:137,1
DA:142,5
DA:142,5
DA:144,5
DA:144,5
DA:144,5
DA:145,5
DA:145,5
DA:147,5
DA:147,5
FN:151,VaultOrderbook.allocateOrder
FNDA:1,VaultOrderbook.allocateOrder
DA:152,1
DA:152,1
FN:156,VaultOrderbook.allocateOrder
FNDA:2,VaultOrderbook.allocateOrder
DA:158,2
DA:158,2
DA:158,2
DA:158,2
BRDA:158,6,0,1
BRDA:158,6,1,1
DA:159,1
DA:159,1
DA:162,1
DA:162,1
DA:162,1
DA:163,1
DA:163,1
DA:166,1
DA:166,1
BRDA:166,7,0,1
BRDA:166,7,1,-
DA:167,0
DA:167,0
DA:169,1
DA:169,1
BRDA:169,8,0,-
BRDA:169,8,1,1
DA:170,1
DA:170,1
DA:173,0
DA:173,0
DA:173,0
DA:173,0
DA:174,0
DA:174,0
DA:174,0
BRDA:174,9,0,-
BRDA:174,9,1,-
DA:175,0
DA:175,0
DA:182,0
DA:182,0
DA:185,0
DA:185,0
DA:185,0
BRDA:185,10,0,-
BRDA:185,10,1,-
DA:187,0
DA:187,0
DA:190,0
DA:190,0
DA:192,0
DA:192,0
DA:195,0
DA:195,0
DA:197,0
DA:197,0
FN:201,VaultOrderbook.allocateOrders
FNDA:0,VaultOrderbook.allocateOrders
DA:202,0
DA:202,0
DA:203,0
DA:203,0
DA:203,0
DA:203,0
DA:204,0
DA:204,0
FN:209,VaultOrderbook.cancelOrder
FNDA:1,VaultOrderbook.cancelOrder
DA:211,1
DA:211,1
BRDA:211,11,0,-
BRDA:211,11,1,1
DA:212,1
DA:212,1
DA:214,0
DA:214,0
DA:214,0
DA:216,0
DA:216,0
BRDA:216,12,0,-
BRDA:216,12,1,-
DA:218,0
DA:218,0
DA:219,0
DA:219,0
FN:224,VaultOrderbook.getOrderHash
FNDA:12,VaultOrderbook.getOrderHash
DA:225,12
DA:225,12
DA:225,12
FNF:6
FNH:5
LF:46
LH:28
BRF:26
BRH:14
end_of_record
TN:
SF:src/WeirollWallet.sol
FN:15,WeirollWallet.
FNDA:0,WeirollWallet.
FN:62,WeirollWallet.forfeit
FNDA:4,WeirollWallet.forfeit
DA:63,4
DA:63,4
BRDA:63,0,0,3
BRDA:63,0,1,1
DA:64,1
DA:64,1
DA:67,3
DA:67,3
FN:71,WeirollWallet.owner
FNDA:16,WeirollWallet.owner
DA:72,16
DA:72,16
DA:72,16
FN:76,WeirollWallet.orderbook
FNDA:822,WeirollWallet.orderbook
DA:77,822
DA:77,822
DA:77,822
FN:81,WeirollWallet.amount
FNDA:1,WeirollWallet.amount
DA:82,1
DA:82,1
DA:82,1
FN:86,WeirollWallet.lockedUntil
FNDA:11,WeirollWallet.lockedUntil
DA:87,11
DA:87,11
DA:87,11
FN:91,WeirollWallet.isForfeitable
FNDA:5,WeirollWallet.isForfeitable
DA:92,5
DA:92,5
DA:92,5
DA:92,5
FN:100,WeirollWallet.executeWeiroll
FNDA:816,WeirollWallet.executeWeiroll
DA:101,816
DA:101,816
DA:103,816
DA:103,816
DA:103,816
FN:108,WeirollWallet.manualExecuteWeiroll
FNDA:2,WeirollWallet.manualExecuteWeiroll
DA:110,2
DA:110,2
BRDA:110,1,0,-
BRDA:110,1,1,-
DA:112,2
DA:112,2
DA:112,2
FN:119,WeirollWallet.execute
FNDA:2,WeirollWallet.execute
DA:121,2
DA:121,2
BRDA:121,2,0,-
BRDA:121,2,1,-
DA:123,2
DA:123,2
DA:123,2
DA:124,2
DA:124,2
BRDA:124,3,0,1
BRDA:124,3,1,1
DA:125,1
DA:125,1
DA:127,0
DA:127,0
FNF:10
FNH:9
LF:17
LH:16
BRF:8
BRH:4
end_of_record
TN:
SF:src/libraries/SafeCast.sol
FN:10,SafeCast.toUint128
FNDA:0,SafeCast.toUint128
DA:11,0
DA:11,0
BRDA:11,0,0,-
BRDA:11,0,1,-
FN:17,SafeCast.toUint96
FNDA:0,SafeCast.toUint96
DA:18,0
DA:18,0
BRDA:18,1,0,-
BRDA:18,1,1,-
FN:24,SafeCast.toUint64
FNDA:0,SafeCast.toUint64
DA:25,0
DA:25,0
BRDA:25,2,0,-
BRDA:25,2,1,-
FN:31,SafeCast.toUint32
FNDA:0,SafeCast.toUint32
DA:32,0
DA:32,0
BRDA:32,3,0,-
BRDA:32,3,1,-
FN:38,SafeCast.toUint160
FNDA:0,SafeCast.toUint160
DA:39,0
DA:39,0
BRDA:39,4,0,-
BRDA:39,4,1,-
FN:45,SafeCast.toInt128
FNDA:0,SafeCast.toInt128
DA:46,0
DA:46,0
BRDA:46,5,0,-
BRDA:46,5,1,-
FN:52,SafeCast.toInt256
FNDA:0,SafeCast.toInt256
DA:53,0
DA:53,0
BRDA:53,6,0,-
BRDA:53,6,1,-
DA:54,0
DA:54,0
FNF:7
FNH:0
LF:8
LH:0
BRF:14
BRH:0
end_of_record
TN:
SF:test/WeirollWallet.t.sol
FN:163,MockOrderbook.callWallet
FNDA:0,MockOrderbook.callWallet
DA:164,0
DA:164,0
DA:164,0
FN:167,MockOrderbook.forfeitWallet
FNDA:2,MockOrderbook.forfeitWallet
DA:168,2
DA:168,2
FNF:2
FNH:1
LF:2
LH:1
BRF:0
BRH:0
end_of_record
TN:
SF:test/fuzz/RecipeOrderbook/TestFuzz_LPOrderCreation_RecipeOrderbook.t.sol
FN:11,TestFuzz_LPOrderCreation_RecipeOrderbook.setUp
FNDA:0,TestFuzz_LPOrderCreation_RecipeOrderbook.setUp
DA:12,0
DA:12,0
DA:13,0
DA:13,0
DA:14,0
DA:14,0
FN:17,TestFuzz_LPOrderCreation_RecipeOrderbook.TestFuzz_CreateLPOrder
FNDA:0,TestFuzz_LPOrderCreation_RecipeOrderbook.TestFuzz_CreateLPOrder
DA:27,0
DA:27,0
DA:29,0
DA:29,0
DA:29,0
DA:30,0
DA:30,0
DA:30,0
DA:31,0
DA:31,0
DA:31,0
DA:33,0
DA:33,0
DA:33,0
DA:36,0
DA:36,0
DA:36,0
DA:36,0
DA:37,0
DA:37,0
DA:38,0
DA:38,0
DA:42,0
DA:42,0
DA:43,0
DA:43,0
DA:45,0
DA:45,0
DA:45,0
DA:47,0
DA:47,0
DA:48,0
DA:48,0
DA:50,0
DA:50,0
DA:50,0
DA:52,0
DA:52,0
DA:53,0
DA:53,0
DA:54,0
DA:54,0
FN:57,TestFuzz_LPOrderCreation_RecipeOrderbook.TestFuzz_RevertIf_CreateLPOrderWithNonExistentMarket
FNDA:0,TestFuzz_LPOrderCreation_RecipeOrderbook.TestFuzz_RevertIf_CreateLPOrderWithNonExistentMarket
DA:58,0
DA:58,0
DA:59,0
DA:59,0
FN:69,TestFuzz_LPOrderCreation_RecipeOrderbook.TestFuzz_RevertIf_CreateLPOrderWithZeroQuantity
FNDA:0,TestFuzz_LPOrderCreation_RecipeOrderbook.TestFuzz_RevertIf_CreateLPOrderWithZeroQuantity
DA:70,0
DA:70,0
DA:72,0
DA:72,0
DA:72,0
DA:74,0
DA:74,0
DA:75,0
DA:75,0
FN:85,TestFuzz_LPOrderCreation_RecipeOrderbook.TestFuzz_RevertIf_CreateLPOrderWithExpiredOrder
FNDA:0,TestFuzz_LPOrderCreation_RecipeOrderbook.TestFuzz_RevertIf_CreateLPOrderWithExpiredOrder
DA:86,0
DA:86,0
DA:87,0
DA:87,0
DA:88,0
DA:88,0
DA:90,0
DA:90,0
DA:90,0
DA:91,0
DA:91,0
DA:92,0
DA:92,0
FN:102,TestFuzz_LPOrderCreation_RecipeOrderbook.TestFuzz_RevertIf_CreateLPOrderWithMismatchedTokenArrays
FNDA:0,TestFuzz_LPOrderCreation_RecipeOrderbook.TestFuzz_RevertIf_CreateLPOrderWithMismatchedTokenArrays
DA:103,0
DA:103,0
DA:105,0
DA:105,0
DA:105,0
DA:107,0
DA:107,0
DA:107,0
DA:108,0
DA:108,0
DA:108,0
DA:110,0
DA:110,0
DA:111,0
DA:111,0
FN:114,TestFuzz_LPOrderCreation_RecipeOrderbook.TestFuzz_RevertIf_CreateLPOrderWithMismatchedBaseAsset
FNDA:0,TestFuzz_LPOrderCreation_RecipeOrderbook.TestFuzz_RevertIf_CreateLPOrderWithMismatchedBaseAsset
DA:115,0
DA:115,0
DA:115,0
DA:117,0
DA:117,0
DA:117,0
DA:118,0
DA:118,0
DA:119,0
DA:119,0
DA:119,0
DA:120,0
DA:120,0
DA:122,0
DA:122,0
DA:122,0
DA:124,0
DA:124,0
DA:125,0
DA:125,0
FNF:7
FNH:0
LF:46
LH:0
BRF:0
BRH:0
end_of_record
TN:
SF:test/mocks/MockERC20.sol
FN:9,MockERC20.mint
FNDA:4691,MockERC20.mint
DA:10,4691
DA:10,4691
FN:13,MockERC20.burn
FNDA:0,MockERC20.burn
DA:14,0
DA:14,0
FNF:2
FNH:1
LF:2
LH:1
BRF:0
BRH:0
end_of_record
TN:
SF:test/mocks/MockERC4626.sol
FN:10,MockERC4626.totalAssets
FNDA:14,MockERC4626.totalAssets
DA:11,14
DA:11,14
DA:11,14
FNF:1
FNH:1
LF:1
LH:1
BRF:0
BRH:0
end_of_record
TN:
SF:test/utils/RecipeOrderbook/RecipeOrderbookTestBase.sol
FN:21,RecipeOrderbookTestBase.setUpRecipeOrderbookTests
FNDA:0,RecipeOrderbookTestBase.setUpRecipeOrderbookTests
DA:22,0
DA:22,0
DA:24,0
DA:24,0
DA:25,0
DA:25,0
DA:27,0
DA:27,0
FN:36,RecipeOrderbookTestBase.createMarket
FNDA:0,RecipeOrderbookTestBase.createMarket
DA:38,0
DA:38,0
DA:38,0
DA:39,0
DA:39,0
DA:39,0
DA:41,0
DA:41,0
DA:41,0
DA:43,0
DA:43,0
FN:46,RecipeOrderbookTestBase.createMarket
FNDA:0,RecipeOrderbookTestBase.createMarket
DA:48,0
DA:48,0
DA:48,0
DA:49,0
DA:49,0
DA:49,0
DA:51,0
DA:51,0
DA:51,0
DA:53,0
DA:53,0
FN:56,RecipeOrderbookTestBase.createIPOrder_WithTokens
FNDA:0,RecipeOrderbookTestBase.createIPOrder_WithTokens
DA:65,0
DA:65,0
DA:65,0
DA:66,0
DA:66,0
DA:67,0
DA:67,0
DA:67,0
DA:68,0
DA:68,0
DA:70,0
DA:70,0
DA:71,0
DA:71,0
DA:73,0
DA:73,0
FN:82,RecipeOrderbookTestBase.createLPOrder_ForTokens
FNDA:0,RecipeOrderbookTestBase.createLPOrder_ForTokens
DA:92,0
DA:92,0
DA:92,0
DA:93,0
DA:93,0
DA:94,0
DA:94,0
DA:94,0
DA:95,0
DA:95,0
DA:97,0
DA:97,0
DA:106,0
DA:106,0
FN:109,RecipeOrderbookTestBase.createLPOrder_ForPoints
FNDA:0,RecipeOrderbookTestBase.createLPOrder_ForPoints
DA:119,0
DA:119,0
DA:119,0
DA:120,0
DA:120,0
DA:120,0
DA:122,0
DA:122,0
DA:123,0
DA:123,0
DA:125,0
DA:125,0
DA:127,0
DA:127,0
DA:130,0
DA:130,0
DA:131,0
DA:131,0
DA:134,0
DA:134,0
DA:135,0
DA:135,0
DA:137,0
DA:137,0
DA:138,0
DA:138,0
DA:146,0
DA:146,0
DA:147,0
DA:147,0
FN:150,RecipeOrderbookTestBase.createIPOrder_WithPoints
FNDA:0,RecipeOrderbookTestBase.createIPOrder_WithPoints
DA:159,0
DA:159,0
DA:159,0
DA:160,0
DA:160,0
DA:160,0
DA:162,0
DA:162,0
DA:163,0
DA:163,0
DA:166,0
DA:166,0
DA:169,0
DA:169,0
DA:172,0
DA:172,0
DA:173,0
DA:173,0
DA:175,0
DA:175,0
FN:184,RecipeOrderbookTestBase.calculateIPOrderExpectedIncentiveAndFrontendFee
FNDA:0,RecipeOrderbookTestBase.calculateIPOrderExpectedIncentiveAndFrontendFee
DA:194,0
DA:194,0
DA:196,0
DA:196,0
DA:197,0
DA:197,0
FN:200,RecipeOrderbookTestBase.calculateLPOrderExpectedIncentiveAndFrontendFee
FNDA:0,RecipeOrderbookTestBase.calculateLPOrderExpectedIncentiveAndFrontendFee
DA:211,0
DA:211,0
DA:212,0
DA:212,0
DA:213,0
DA:213,0
DA:214,0
DA:214,0
FNF:9
FNH:0
LF:55
LH:0
BRF:0
BRH:0
end_of_record
TN:
SF:test/utils/RecipeOrderbook/RecipeUtils.sol
FN:11,RecipeUtils.generateRandomRecipe
FNDA:0,RecipeUtils.generateRandomRecipe
DA:12,0
DA:12,0
DA:12,0
DA:13,0
DA:13,0
DA:13,0
DA:15,0
DA:15,0
DA:15,0
DA:15,0
DA:16,0
DA:16,0
DA:19,0
DA:19,0
DA:19,0
DA:19,0
DA:20,0
DA:20,0
DA:23,0
DA:23,0
DA:23,0
FN:27,RecipeUtils.generateRandomCommand
FNDA:0,RecipeUtils.generateRandomCommand
DA:28,0
DA:28,0
DA:29,0
DA:29,0
DA:30,0
DA:30,0
FN:34,RecipeUtils.generateRandomState
FNDA:0,RecipeUtils.generateRandomState
DA:36,0
DA:36,0
DA:37,0
DA:37,0
DA:37,0
DA:39,0
DA:39,0
DA:39,0
DA:39,0
DA:40,0
DA:40,0
DA:43,0
DA:43,0
FNF:3
FNH:0
LF:15
LH:0
BRF:0
BRH:0
end_of_record
TN:
SF:test/utils/RoycoTestBase.sol
FN:58,RoycoTestBase.setupBaseEnvironment
FNDA:0,RoycoTestBase.setupBaseEnvironment
DA:59,0
DA:59,0
DA:60,0
DA:60,0
FN:63,RoycoTestBase.initWallet
FNDA:0,RoycoTestBase.initWallet
DA:64,0
DA:64,0
DA:64,0
DA:65,0
DA:65,0
DA:66,0
DA:66,0
DA:67,0
DA:67,0
FN:70,RoycoTestBase.setupWallets
FNDA:0,RoycoTestBase.setupWallets
DA:72,0
DA:72,0
DA:73,0
DA:73,0
DA:74,0
DA:74,0
DA:75,0
DA:75,0
DA:76,0
DA:76,0
DA:79,0
DA:79,0
DA:80,0
DA:80,0
DA:81,0
DA:81,0
DA:82,0
DA:82,0
DA:83,0
DA:83,0
FN:86,RoycoTestBase.setUpRoycoContracts
FNDA:0,RoycoTestBase.setUpRoycoContracts
DA:87,0
DA:87,0
DA:88,0
DA:88,0
DA:89,0
DA:89,0
DA:90,0
DA:90,0
DA:91,0
DA:91,0
DA:92,0
DA:92,0
FNF:4
FNH:0
LF:22
LH:0
BRF:0
BRH:0
end_of_record
